<?xml version="1.0" encoding="utf-8"?><testsuites name="pytest tests"><testsuite name="pytest" errors="0" failures="1" skipped="0" tests="10" time="2.821" timestamp="2026-01-16T23:34:00.947731+00:00" hostname="agent-env-01041e83-c5ec-49ab-98b2-177b84082f59"><testcase classname="tests.test_avatar_system.TestHealthCheck" name="test_api_health" time="0.057" /><testcase classname="tests.test_avatar_system.TestUserRegistration" name="test_register_new_user_gets_dicebear_avatar" time="0.259" /><testcase classname="tests.test_avatar_system.TestUserRegistration" name="test_register_founder_gets_special_avatar" time="0.259" /><testcase classname="tests.test_avatar_system.TestUserLogin" name="test_login_returns_computed_avatar_and_display_name" time="0.293"><failure message="AssertionError: Expected 'Test User', got: TestUser_4b87&#10;assert 'TestUser_4b87' == 'Test User'&#10;  &#10;  - Test User&#10;  + TestUser_4b87">tests/test_avatar_system.py:156: in test_login_returns_computed_avatar_and_display_name
    assert data["display_name"] == "Test User", f"Expected 'Test User', got: {data['display_name']}"
E   AssertionError: Expected 'Test User', got: TestUser_4b87
E   assert 'TestUser_4b87' == 'Test User'
E     
E     - Test User
E     + TestUser_4b87</failure></testcase><testcase classname="tests.test_avatar_system.TestUserLogin" name="test_founder_login_returns_correct_fields" time="0.288" /><testcase classname="tests.test_avatar_system.TestAuthMe" name="test_auth_me_returns_avatar_fields" time="0.337" /><testcase classname="tests.test_avatar_system.TestProfileUpdate" name="test_update_profile_username" time="0.334" /><testcase classname="tests.test_avatar_system.TestProfileUpdate" name="test_non_founder_cannot_use_motesart_username" time="0.292" /><testcase classname="tests.test_avatar_system.TestAvatarUpload" name="test_avatar_upload_endpoint_exists" time="0.331" /><testcase classname="tests.test_avatar_system.TestAvatarDelete" name="test_delete_avatar_reverts_to_default" time="0.292" /></testsuite></testsuites>