<?xml version="1.0" encoding="utf-8"?><testsuites name="pytest tests"><testsuite name="pytest" errors="0" failures="0" skipped="0" tests="10" time="2.824" timestamp="2026-01-16T23:34:18.074553+00:00" hostname="agent-env-01041e83-c5ec-49ab-98b2-177b84082f59"><testcase classname="tests.test_avatar_system.TestHealthCheck" name="test_api_health" time="0.058" /><testcase classname="tests.test_avatar_system.TestUserRegistration" name="test_register_new_user_gets_dicebear_avatar" time="0.260" /><testcase classname="tests.test_avatar_system.TestUserRegistration" name="test_register_founder_gets_special_avatar" time="0.261" /><testcase classname="tests.test_avatar_system.TestUserLogin" name="test_login_returns_computed_avatar_and_display_name" time="0.292" /><testcase classname="tests.test_avatar_system.TestUserLogin" name="test_founder_login_returns_correct_fields" time="0.292" /><testcase classname="tests.test_avatar_system.TestAuthMe" name="test_auth_me_returns_avatar_fields" time="0.331" /><testcase classname="tests.test_avatar_system.TestProfileUpdate" name="test_update_profile_username" time="0.334" /><testcase classname="tests.test_avatar_system.TestProfileUpdate" name="test_non_founder_cannot_use_motesart_username" time="0.291" /><testcase classname="tests.test_avatar_system.TestAvatarUpload" name="test_avatar_upload_endpoint_exists" time="0.335" /><testcase classname="tests.test_avatar_system.TestAvatarDelete" name="test_delete_avatar_reverts_to_default" time="0.294" /></testsuite></testsuites>