<?xml version="1.0" encoding="utf-8"?><testsuites name="pytest tests"><testsuite name="pytest" errors="0" failures="0" skipped="0" tests="19" time="29.536" timestamp="2026-02-11T03:01:30.443472+00:00" hostname="agent-env-01041e83-c5ec-49ab-98b2-177b84082f59"><testcase classname="tests.test_bug_fixes.TestHealthAndAuth" name="test_health_endpoint" time="0.091" /><testcase classname="tests.test_bug_fixes.TestHealthAndAuth" name="test_auth_me_endpoint" time="0.045" /><testcase classname="tests.test_bug_fixes.TestBug1ExplainAI" name="test_explain_endpoint_exists" time="0.035" /><testcase classname="tests.test_bug_fixes.TestBug1ExplainAI" name="test_explain_with_valid_conversion" time="9.811" /><testcase classname="tests.test_bug_fixes.TestBug1ExplainAI" name="test_explain_with_section_index" time="8.527" /><testcase classname="tests.test_bug_fixes.TestBug1ExplainAI" name="test_explain_nonexistent_conversion" time="0.067" /><testcase classname="tests.test_bug_fixes.TestBug2ChatSection" name="test_chat_endpoint_exists" time="0.040" /><testcase classname="tests.test_bug_fixes.TestBug2ChatSection" name="test_chat_with_valid_conversion" time="2.278" /><testcase classname="tests.test_bug_fixes.TestBug2ChatSection" name="test_chat_with_history" time="7.260" /><testcase classname="tests.test_bug_fixes.TestBug2ChatSection" name="test_chat_nonexistent_conversion" time="0.060" /><testcase classname="tests.test_bug_fixes.TestBug3PDFExport" name="test_upload_png_image" time="0.337" /><testcase classname="tests.test_bug_fixes.TestBug3PDFExport" name="test_supported_file_types_include_heic" time="0.039" /><testcase classname="tests.test_bug_fixes.TestBug4HEICSupport" name="test_heic_in_supported_formats" time="0.302" /><testcase classname="tests.test_bug_fixes.TestBug4HEICSupport" name="test_pillow_heif_installed" time="0.011" /><testcase classname="tests.test_bug_fixes.TestTextConversion" name="test_convert_text_basic" time="0.040" /><testcase classname="tests.test_bug_fixes.TestTextConversion" name="test_convert_text_with_sections" time="0.037" /><testcase classname="tests.test_bug_fixes.TestExportEndpoint" name="test_export_pdf" time="0.327" /><testcase classname="tests.test_bug_fixes.TestExportEndpoint" name="test_export_csv" time="0.042" /><testcase classname="tests.test_bug_fixes.TestExportEndpoint" name="test_export_text" time="0.036" /></testsuite></testsuites>