<?xml version="1.0" encoding="utf-8"?><testsuites name="pytest tests"><testsuite name="pytest" errors="0" failures="1" skipped="0" tests="14" time="2.367" timestamp="2026-02-11T03:34:58.776032+00:00" hostname="agent-env-01041e83-c5ec-49ab-98b2-177b84082f59"><testcase classname="backend.tests.test_dashboard_reorganization.TestHealthAndAuth" name="test_health_endpoint" time="0.097" /><testcase classname="backend.tests.test_dashboard_reorganization.TestHealthAndAuth" name="test_auth_with_session_token" time="0.041" /><testcase classname="backend.tests.test_dashboard_reorganization.TestManualConversionEndpoint" name="test_convert_text_basic" time="0.043" /><testcase classname="backend.tests.test_dashboard_reorganization.TestManualConversionEndpoint" name="test_convert_text_with_sections" time="0.045" /><testcase classname="backend.tests.test_dashboard_reorganization.TestManualConversionEndpoint" name="test_convert_text_auto_key_detection" time="0.037" /><testcase classname="backend.tests.test_dashboard_reorganization.TestManualConversionEndpoint" name="test_convert_text_complex_chords" time="0.042" /><testcase classname="backend.tests.test_dashboard_reorganization.TestManualUpdateEndpoint" name="test_manual_update_endpoint_exists" time="0.544" /><testcase classname="backend.tests.test_dashboard_reorganization.TestManualUpdateEndpoint" name="test_manual_update_with_full_data" time="0.190" /><testcase classname="backend.tests.test_dashboard_reorganization.TestManualUpdateEndpoint" name="test_manual_update_nonexistent_conversion" time="0.188" /><testcase classname="backend.tests.test_dashboard_reorganization.TestExportEndpoints" name="test_export_pdf" time="0.360"><failure message="assert 520 == 200&#10; +  where 520 = &lt;Response [520]&gt;.status_code">backend/tests/test_dashboard_reorganization.py:323: in test_export_pdf
    assert response.status_code == 200
E   assert 520 == 200
E    +  where 520 = &lt;Response [520]&gt;.status_code</failure></testcase><testcase classname="backend.tests.test_dashboard_reorganization.TestExportEndpoints" name="test_export_csv" time="0.287" /><testcase classname="backend.tests.test_dashboard_reorganization.TestExportEndpoints" name="test_export_text" time="0.268" /><testcase classname="backend.tests.test_dashboard_reorganization.TestAvailableKeys" name="test_get_available_keys" time="0.079" /><testcase classname="backend.tests.test_dashboard_reorganization.TestConversionsEndpoint" name="test_get_conversions_list" time="0.040" /></testsuite></testsuites>