<?xml version="1.0" encoding="utf-8"?><testsuites name="pytest tests"><testsuite name="pytest" errors="0" failures="0" skipped="0" tests="14" time="1.858" timestamp="2026-02-11T03:40:15.937003+00:00" hostname="agent-env-01041e83-c5ec-49ab-98b2-177b84082f59"><testcase classname="backend.tests.test_dashboard_reorganization.TestHealthAndAuth" name="test_health_endpoint" time="0.056" /><testcase classname="backend.tests.test_dashboard_reorganization.TestHealthAndAuth" name="test_auth_with_session_token" time="0.037" /><testcase classname="backend.tests.test_dashboard_reorganization.TestManualConversionEndpoint" name="test_convert_text_basic" time="0.042" /><testcase classname="backend.tests.test_dashboard_reorganization.TestManualConversionEndpoint" name="test_convert_text_with_sections" time="0.041" /><testcase classname="backend.tests.test_dashboard_reorganization.TestManualConversionEndpoint" name="test_convert_text_auto_key_detection" time="0.040" /><testcase classname="backend.tests.test_dashboard_reorganization.TestManualConversionEndpoint" name="test_convert_text_complex_chords" time="0.040" /><testcase classname="backend.tests.test_dashboard_reorganization.TestManualUpdateEndpoint" name="test_manual_update_endpoint_exists" time="0.189" /><testcase classname="backend.tests.test_dashboard_reorganization.TestManualUpdateEndpoint" name="test_manual_update_with_full_data" time="0.231" /><testcase classname="backend.tests.test_dashboard_reorganization.TestManualUpdateEndpoint" name="test_manual_update_nonexistent_conversion" time="0.206" /><testcase classname="backend.tests.test_dashboard_reorganization.TestExportEndpoints" name="test_export_pdf" time="0.273" /><testcase classname="backend.tests.test_dashboard_reorganization.TestExportEndpoints" name="test_export_csv" time="0.305" /><testcase classname="backend.tests.test_dashboard_reorganization.TestExportEndpoints" name="test_export_text" time="0.267" /><testcase classname="backend.tests.test_dashboard_reorganization.TestAvailableKeys" name="test_get_available_keys" time="0.033" /><testcase classname="backend.tests.test_dashboard_reorganization.TestConversionsEndpoint" name="test_get_conversions_list" time="0.037" /></testsuite></testsuites>