<?xml version="1.0" encoding="utf-8"?><testsuites name="pytest tests"><testsuite name="pytest" errors="0" failures="0" skipped="0" tests="11" time="2.531" timestamp="2026-02-11T05:03:53.627199+00:00" hostname="agent-env-5f0200eb-fca7-46c6-a888-52ba675e1299"><testcase classname="backend.tests.test_lead_sheet_view.TestAuthFlow" name="test_login_success" time="0.301" /><testcase classname="backend.tests.test_lead_sheet_view.TestAuthFlow" name="test_login_invalid_credentials" time="0.041" /><testcase classname="backend.tests.test_lead_sheet_view.TestConversionAPI" name="test_convert_text_basic" time="0.275" /><testcase classname="backend.tests.test_lead_sheet_view.TestConversionAPI" name="test_convert_text_key_of_ab" time="0.272" /><testcase classname="backend.tests.test_lead_sheet_view.TestConversionAPI" name="test_convert_text_with_sections" time="0.271" /><testcase classname="backend.tests.test_lead_sheet_view.TestConversionAPI" name="test_convert_text_with_lyrics" time="0.283" /><testcase classname="backend.tests.test_lead_sheet_view.TestConversionAPI" name="test_convert_text_complex_chords" time="0.274" /><testcase classname="backend.tests.test_lead_sheet_view.TestConversionAPI" name="test_convert_text_auto_key_detection" time="0.269" /><testcase classname="backend.tests.test_lead_sheet_view.TestKeysAPI" name="test_get_keys" time="0.039" /><testcase classname="backend.tests.test_lead_sheet_view.TestHealthAPI" name="test_health_check" time="0.034" /><testcase classname="backend.tests.test_lead_sheet_view.TestConversionsAPI" name="test_get_conversions_list" time="0.328" /></testsuite></testsuites>