<?xml version="1.0" encoding="utf-8"?><testsuites name="pytest tests"><testsuite name="pytest" errors="0" failures="0" skipped="0" tests="14" time="0.751" timestamp="2026-02-11T02:18:16.545452+00:00" hostname="agent-env-01041e83-c5ec-49ab-98b2-177b84082f59"><testcase classname="tests.test_motesart_converter.TestHealthEndpoint" name="test_health_endpoint" time="0.101" /><testcase classname="tests.test_motesart_converter.TestKeysEndpoint" name="test_get_available_keys" time="0.035" /><testcase classname="tests.test_motesart_converter.TestConvertTextEndpoint" name="test_basic_chord_conversion_key_g" time="0.039" /><testcase classname="tests.test_motesart_converter.TestConvertTextEndpoint" name="test_minor_chords_always_marked_with_m" time="0.043" /><testcase classname="tests.test_motesart_converter.TestConvertTextEndpoint" name="test_diatonic_major_no_modifier" time="0.037" /><testcase classname="tests.test_motesart_converter.TestConvertTextEndpoint" name="test_non_diatonic_major_gets_M" time="0.035" /><testcase classname="tests.test_motesart_converter.TestConvertTextEndpoint" name="test_slash_chords_chord_bass_format" time="0.041" /><testcase classname="tests.test_motesart_converter.TestConvertTextEndpoint" name="test_extensions_with_superscripts" time="0.042" /><testcase classname="tests.test_motesart_converter.TestConvertTextEndpoint" name="test_auto_key_detection" time="0.037" /><testcase classname="tests.test_motesart_converter.TestConvertTextEndpoint" name="test_section_headers_detected" time="0.039" /><testcase classname="tests.test_motesart_converter.TestConvertTextEndpoint" name="test_chord_count_returned" time="0.037" /><testcase classname="tests.test_motesart_converter.TestConvertTextEndpoint" name="test_empty_input_returns_error" time="0.037" /><testcase classname="tests.test_motesart_converter.TestConvertTextEndpoint" name="test_chromatic_chord_roots_use_flat_sharp" time="0.042" /><testcase classname="tests.test_motesart_converter.TestAuthenticationRequired" name="test_convert_without_auth_returns_401" time="0.035" /></testsuite></testsuites>