<?xml version="1.0" encoding="utf-8"?><testsuites name="pytest tests"><testsuite name="pytest" errors="0" failures="0" skipped="0" tests="11" time="35.678" timestamp="2026-02-17T15:33:03.882893+00:00" hostname="agent-env-aabffb6a-1671-4158-ac9f-377974627a69"><testcase classname="tests.test_omr_pipeline.TestAuthEndpoints" name="test_auth_me_returns_user" time="0.588" /><testcase classname="tests.test_omr_pipeline.TestAuthEndpoints" name="test_auth_me_without_token_returns_401" time="0.196" /><testcase classname="tests.test_omr_pipeline.TestOMRPipeline" name="test_upload_triggers_omr_pipeline" time="9.174" /><testcase classname="tests.test_omr_pipeline.TestOMRPipeline" name="test_upload_status_not_uploaded" time="7.717" /><testcase classname="tests.test_omr_pipeline.TestOMRPipeline" name="test_omr_notes_have_correct_structure" time="9.599" /><testcase classname="tests.test_omr_pipeline.TestConversionEndpoints" name="test_get_conversions_list" time="0.081" /><testcase classname="tests.test_omr_pipeline.TestConversionEndpoints" name="test_get_single_conversion" time="7.742" /><testcase classname="tests.test_omr_pipeline.TestTextConversion" name="test_convert_text_endpoint" time="0.067" /><testcase classname="tests.test_omr_pipeline.TestTextConversion" name="test_minor_chord_conversion" time="0.064" /><testcase classname="tests.test_omr_pipeline.TestHealthAndStatus" name="test_health_endpoint" time="0.144" /><testcase classname="tests.test_omr_pipeline.TestHealthAndStatus" name="test_keys_endpoint" time="0.129" /></testsuite></testsuites>