<?xml version="1.0" encoding="utf-8"?><testsuites name="pytest tests"><testsuite name="pytest" errors="0" failures="0" skipped="0" tests="20" time="2.218" timestamp="2026-02-16T01:26:28.717901+00:00" hostname="agent-env-3b171bfd-3952-45d8-8b5d-c64b78ff826d"><testcase classname="backend.tests.test_phase1_bug_fixes.TestMinorChordMarkers" name="test_diatonic_minor_chord_Am_in_C" time="0.601" /><testcase classname="backend.tests.test_phase1_bug_fixes.TestMinorChordMarkers" name="test_diatonic_minor_chord_Em_in_C" time="0.066" /><testcase classname="backend.tests.test_phase1_bug_fixes.TestMinorChordMarkers" name="test_diatonic_minor_chord_Dm_in_C" time="0.071" /><testcase classname="backend.tests.test_phase1_bug_fixes.TestMinorChordMarkers" name="test_non_diatonic_minor_chord_Fm_in_C" time="0.075" /><testcase classname="backend.tests.test_phase1_bug_fixes.TestMinorChordMarkers" name="test_minor_seventh_chord_Am7_in_C" time="0.119" /><testcase classname="backend.tests.test_phase1_bug_fixes.TestMinorChordMarkers" name="test_multiple_minor_chords_in_progression" time="0.062" /><testcase classname="backend.tests.test_phase1_bug_fixes.TestSlashChordNotation" name="test_slash_chord_G_over_B_in_G" time="0.061" /><testcase classname="backend.tests.test_phase1_bug_fixes.TestSlashChordNotation" name="test_slash_chord_C_over_E_in_C" time="0.052" /><testcase classname="backend.tests.test_phase1_bug_fixes.TestSlashChordNotation" name="test_slash_chord_Am_over_G_in_C" time="0.070" /><testcase classname="backend.tests.test_phase1_bug_fixes.TestSlashChordNotation" name="test_slash_chord_D_over_F_sharp_in_D" time="0.072" /><testcase classname="backend.tests.test_phase1_bug_fixes.TestChromaticHalfNumbers" name="test_chromatic_note_C_sharp_in_C" time="0.167" /><testcase classname="backend.tests.test_phase1_bug_fixes.TestChromaticHalfNumbers" name="test_chromatic_note_D_sharp_in_C" time="0.062" /><testcase classname="backend.tests.test_phase1_bug_fixes.TestChromaticHalfNumbers" name="test_chromatic_note_F_sharp_in_C" time="0.078" /><testcase classname="backend.tests.test_phase1_bug_fixes.TestChromaticHalfNumbers" name="test_chromatic_note_G_sharp_in_C" time="0.137" /><testcase classname="backend.tests.test_phase1_bug_fixes.TestChromaticHalfNumbers" name="test_chromatic_note_A_sharp_in_C" time="0.069" /><testcase classname="backend.tests.test_phase1_bug_fixes.TestChromaticHalfNumbers" name="test_chromatic_minor_chord_F_sharp_minor_in_C" time="0.084" /><testcase classname="backend.tests.test_phase1_bug_fixes.TestChromaticHalfNumbers" name="test_no_flat_symbols_in_output" time="0.114" /><testcase classname="backend.tests.test_phase1_bug_fixes.TestOMREndpoint" name="test_omr_endpoint_exists" time="0.058" /><testcase classname="backend.tests.test_phase1_bug_fixes.TestOMREndpoint" name="test_conversion_with_omr_data" time="0.055" /><testcase classname="backend.tests.test_phase1_bug_fixes.TestIntegration" name="test_full_chord_progression_with_all_features" time="0.054" /></testsuite></testsuites>