<?xml version="1.0" encoding="utf-8"?><testsuites name="pytest tests"><testsuite name="pytest" errors="0" failures="0" skipped="0" tests="17" time="4.479" timestamp="2026-01-16T20:49:14.616565+00:00" hostname="agent-env-6f4c6a7c-709d-4eae-bfbc-e48bdaddd800"><testcase classname="tests.test_motesart_converter.TestHealthCheck" name="test_health_endpoint" time="0.067" /><testcase classname="tests.test_motesart_converter.TestAuthRegistration" name="test_register_new_user" time="0.258" /><testcase classname="tests.test_motesart_converter.TestAuthRegistration" name="test_register_duplicate_email" time="0.297" /><testcase classname="tests.test_motesart_converter.TestAuthLogin" name="test_login_with_valid_credentials" time="0.344" /><testcase classname="tests.test_motesart_converter.TestAuthLogin" name="test_login_with_invalid_password" time="0.254" /><testcase classname="tests.test_motesart_converter.TestAuthLogin" name="test_login_with_nonexistent_email" time="0.036" /><testcase classname="tests.test_motesart_converter.TestFileUpload" name="test_upload_midi_file" time="0.316" /><testcase classname="tests.test_motesart_converter.TestFileUpload" name="test_upload_pdf_file_phase2_messaging" time="0.269" /><testcase classname="tests.test_motesart_converter.TestFileUpload" name="test_upload_unsupported_file" time="0.267" /><testcase classname="tests.test_motesart_converter.TestConversions" name="test_get_conversions_list" time="0.263" /><testcase classname="tests.test_motesart_converter.TestConversions" name="test_get_single_conversion" time="0.271" /><testcase classname="tests.test_motesart_converter.TestExport" name="test_export_pdf_with_unicode" time="0.378" /><testcase classname="tests.test_motesart_converter.TestExport" name="test_export_csv" time="0.271" /><testcase classname="tests.test_motesart_converter.TestExport" name="test_export_text" time="0.319" /><testcase classname="tests.test_motesart_converter.TestDashboardStateReset" name="test_multiple_uploads_have_separate_state" time="0.271" /><testcase classname="tests.test_motesart_converter.TestStatusBadges" name="test_midi_shows_converted_status" time="0.264" /><testcase classname="tests.test_motesart_converter.TestStatusBadges" name="test_pdf_shows_uploaded_phase2_status" time="0.267" /></testsuite></testsuites>